# JRE version: Java(TM) SE Runtime Environment (9.0+11) (build 9.0.4+11)
# Java VM: Java HotSpot(TM) 64-Bit Server VM (9.0.4+11, mixed mode, tiered, compressed oops, g1 gc, windows-amd64)
Heap:
 garbage-first heap   total 516096K, used 275593K [0x0000000700000000, 0x0000000700100fc0, 0x00000007c0000000)
  region size 1024K, 13 young (13312K), 4 survivors (4096K)
 Metaspace       used 95849K, capacity 97889K, committed 106496K, reserved 1140736K
  class space    used 12393K, capacity 12831K, committed 14592K, reserved 1048576K
GC Heap History (10 events):
Event: 21845.738 GC heap before
{Heap before GC invocations=3258 (full 400):
 garbage-first heap   total 516096K, used 325234K [0x0000000700000000, 0x0000000700100fc0, 0x00000007c0000000)
  region size 1024K, 60 young (61440K), 1 survivors (1024K)
 Metaspace       used 95826K, capacity 97883K, committed 106496K, reserved 1140736K
  class space    used 12392K, capacity 12830K, committed 14592K, reserved 1048576K
}
Event: 21845.742 GC heap after
{Heap after GC invocations=3259 (full 400):
 garbage-first heap   total 516096K, used 264988K [0x0000000700000000, 0x0000000700100fc0, 0x00000007c0000000)
  region size 1024K, 2 young (2048K), 2 survivors (2048K)
 Metaspace       used 95826K, capacity 97883K, committed 106496K, reserved 1140736K
  class space    used 12392K, capacity 12830K, committed 14592K, reserved 1048576K
}
Event: 21850.032 GC heap before
{Heap before GC invocations=3259 (full 400):
 garbage-first heap   total 516096K, used 324380K [0x0000000700000000, 0x0000000700100fc0, 0x00000007c0000000)
  region size 1024K, 60 young (61440K), 2 survivors (2048K)
 Metaspace       used 95848K, capacity 97889K, committed 106496K, reserved 1140736K
  class space    used 12393K, capacity 12831K, committed 14592K, reserved 1048576K
}
Event: 21850.044 GC heap after
{Heap after GC invocations=3260 (full 400):
 garbage-first heap   total 516096K, used 266242K [0x0000000700000000, 0x0000000700100fc0, 0x00000007c0000000)
  region size 1024K, 3 young (3072K), 3 survivors (3072K)
 Metaspace       used 95848K, capacity 97889K, committed 106496K, reserved 1140736K
  class space    used 12393K, capacity 12831K, committed 14592K, reserved 1048576K
}
Event: 21850.619 GC heap before
{Heap before GC invocations=3260 (full 400):
 garbage-first heap   total 516096K, used 324610K [0x0000000700000000, 0x0000000700100fc0, 0x00000007c0000000)
  region size 1024K, 60 young (61440K), 3 survivors (3072K)
 Metaspace       used 95849K, capacity 97889K, committed 106496K, reserved 1140736K
  class space    used 12393K, capacity 12831K, committed 14592K, reserved 1048576K
}
Event: 21850.631 GC heap after
{Heap after GC invocations=3261 (full 400):
 garbage-first heap   total 516096K, used 267102K [0x0000000700000000, 0x0000000700100fc0, 0x00000007c0000000)
  region size 1024K, 3 young (3072K), 3 survivors (3072K)
 Metaspace       used 95849K, capacity 97889K, committed 106496K, reserved 1140736K
  class space    used 12393K, capacity 12831K, committed 14592K, reserved 1048576K
}
Event: 21854.183 GC heap before
{Heap before GC invocations=3261 (full 400):
 garbage-first heap   total 516096K, used 325470K [0x0000000700000000, 0x0000000700100fc0, 0x00000007c0000000)
  region size 1024K, 60 young (61440K), 3 survivors (3072K)
 Metaspace       used 95849K, capacity 97889K, committed 106496K, reserved 1140736K
  class space    used 12393K, capacity 12831K, committed 14592K, reserved 1048576K
}
Event: 21854.195 GC heap after
{Heap after GC invocations=3262 (full 400):
 garbage-first heap   total 516096K, used 267338K [0x0000000700000000, 0x0000000700100fc0, 0x00000007c0000000)
  region size 1024K, 4 young (4096K), 4 survivors (4096K)
 Metaspace       used 95849K, capacity 97889K, committed 106496K, reserved 1140736K
  class space    used 12393K, capacity 12831K, committed 14592K, reserved 1048576K
}
Event: 21857.639 GC heap before
{Heap before GC invocations=3262 (full 400):
 garbage-first heap   total 516096K, used 324682K [0x0000000700000000, 0x0000000700100fc0, 0x00000007c0000000)
  region size 1024K, 60 young (61440K), 4 survivors (4096K)
 Metaspace       used 95849K, capacity 97889K, committed 106496K, reserved 1140736K
  class space    used 12393K, capacity 12831K, committed 14592K, reserved 1048576K
}
Event: 21857.647 GC heap after
{Heap after GC invocations=3263 (full 400):
 garbage-first heap   total 516096K, used 267401K [0x0000000700000000, 0x0000000700100fc0, 0x00000007c0000000)
  region size 1024K, 4 young (4096K), 4 survivors (4096K)
 Metaspace       used 95849K, capacity 97889K, committed 106496K, reserved 1140736K
  class space    used 12393K, capacity 12831K, committed 14592K, reserved 1048576K
}

